<?xml version="1.0" encoding="UTF-8"?>
<!-- Generated by org.testng.reporters.JUnitXMLReporter -->
<testsuite hostname="gipl180" name="Default test" tests="6" failures="0" timestamp="15 Mar 2021 11:22:50 GMT" time="40.638" errors="0">
  <testcase name="open_login_page" time="8.537" classname="AdvanceSelenium.Signup_Script"/>
  <testcase name="already_used_email" time="5.388" classname="AdvanceSelenium.Signup_Script"/>
  <testcase name="blank_password" time="4.191" classname="AdvanceSelenium.Signup_Script"/>
  <testcase name="invalid_password" time="3.782" classname="AdvanceSelenium.Signup_Script"/>
  <testcase name="blank_cnf_password" time="2.648" classname="AdvanceSelenium.Signup_Script"/>
  <testcase name="Valid_data" time="7.244" classname="AdvanceSelenium.Signup_Script"/>
</testsuite> <!-- Default test -->
