<?xml version="1.0" encoding="UTF-8"?>
<!-- Generated by org.testng.reporters.JUnitXMLReporter -->
<testsuite hostname="gipl-207" ignored="5" name="Default test" tests="1" failures="0" timestamp="15 Mar 2021 09:12:37 GMT" time="18.452" errors="0">
  <testcase name="testNew" time="2.939" classname="AdvanceSelenium.Homepage"/>
  <testcase name="loggingOutput" time="0.0" classname="AdvanceSelenium.Homepage">
    <ignored/>
  </testcase> <!-- loggingOutput -->
  <testcase name="validateHeaderLinks" time="0.0" classname="AdvanceSelenium.Homepage">
    <ignored/>
  </testcase> <!-- validateHeaderLinks -->
  <testcase name="getFromExcel" time="0.0" classname="AdvanceSelenium.Homepage">
    <ignored/>
  </testcase> <!-- getFromExcel -->
  <testcase name="validatePopUP" time="0.0" classname="AdvanceSelenium.Homepage">
    <ignored/>
  </testcase> <!-- validatePopUP -->
  <testcase name="brokenLinks" time="0.0" classname="AdvanceSelenium.Homepage">
    <ignored/>
  </testcase> <!-- brokenLinks -->
</testsuite> <!-- Default test -->
