<?xml version="1.0" encoding="UTF-8"?>
<!-- Generated by org.testng.reporters.JUnitXMLReporter -->
<testsuite hostname="gipl-207" ignored="0" name="Test" tests="1" failures="0" timestamp="22 Feb 2021 13:39:21 GMT" time="0.046" errors="0">
  <testcase name="@BeforeTest startBrowser" time="0.0" classname="AdvanceSelenium.Homepage">
    <failure type="java.io.FileNotFoundException" message="C:\Users\smangal\Java\src\main\java\AdvanceSelenium\data.properties (The system cannot find the file specified)">
      <![CDATA[java.io.FileNotFoundException: C:\Users\smangal\Java\src\main\java\AdvanceSelenium\data.properties (The system cannot find the file specified)
at java.io.FileInputStream.open0(Native Method)
at java.io.FileInputStream.open(Unknown Source)
at java.io.FileInputStream.<init>(Unknown Source)
at java.io.FileInputStream.<init>(Unknown Source)
at Resources.base.initializerDriver(base.java:25)
at AdvanceSelenium.Homepage.startBrowser(Homepage.java:27)
... Removed 24 stack frames]]>
    </failure>
  </testcase> <!-- @BeforeTest startBrowser -->
  <testcase name="@AfterTest closeBrowser" time="0.0" classname="AdvanceSelenium.Homepage">
    <skipped/>
  </testcase> <!-- @AfterTest closeBrowser -->
  <testcase name="brokenLinks" time="0.0" classname="AdvanceSelenium.Homepage">
    <skipped/>
  </testcase> <!-- brokenLinks -->
</testsuite> <!-- Test -->
