<?xml version="1.0" encoding="UTF-8"?>
<testng-results skipped="0" failed="0" ignored="5" total="6" passed="1">
  <reporter-output>
  </reporter-output>
  <suite name="Default suite" duration-ms="18452" started-at="2021-03-15T09:12:18Z" finished-at="2021-03-15T09:12:37Z">
    <groups>
    </groups>
    <test name="Default test" duration-ms="18452" started-at="2021-03-15T09:12:18Z" finished-at="2021-03-15T09:12:37Z">
      <class name="AdvanceSelenium.Homepage">
        <test-method status="PASS" signature="startBrowser()[pri:0, instance:AdvanceSelenium.Homepage@623a8092]" name="startBrowser" is-config="true" duration-ms="14627" started-at="2021-03-15T09:12:18Z" finished-at="2021-03-15T09:12:33Z">
          <reporter-output>
          </reporter-output>
        </test-method> <!-- startBrowser -->
        <test-method status="PASS" signature="testNew()[pri:0, instance:AdvanceSelenium.Homepage@623a8092]" name="testNew" duration-ms="2939" started-at="2021-03-15T09:12:33Z" finished-at="2021-03-15T09:12:36Z">
          <reporter-output>
          </reporter-output>
        </test-method> <!-- testNew -->
        <test-method status="PASS" signature="closeBrowser()[pri:0, instance:AdvanceSelenium.Homepage@623a8092]" name="closeBrowser" is-config="true" duration-ms="838" started-at="2021-03-15T09:12:36Z" finished-at="2021-03-15T09:12:37Z">
          <reporter-output>
          </reporter-output>
        </test-method> <!-- closeBrowser -->
      </class> <!-- AdvanceSelenium.Homepage -->
    </test> <!-- Default test -->
  </suite> <!-- Default suite -->
</testng-results>
